21:08:01 **** Incremental Build of configuration Release for project delay ****
make all 
Building file: ../main.c
Invoking: AVR Compiler
avr-gcc -Wall -Os -fpack-struct -fshort-enums -ffunction-sections -fdata-sections -std=gnu99 -funsigned-char -funsigned-bitfields -mmcu=atmega32 -DF_CPU=8000000UL -MMD -MP -MF"main.d" -MT"main.o" -c -o "main.o" "../main.c"
Finished building: ../main.c
 
Building target: delay.elf
Invoking: AVR C Linker
avr-gcc -Wl,-Map,delay.map -mmcu=atmega32 -o "delay.elf"  ./main.o   
Finished building target: delay.elf
 
Invoking: AVR Create Extended Listing
avr-objdump -h -S delay.elf  >"delay.lss"
Finished building: delay.lss
 
Create Flash image (ihex format)
avr-objcopy -R .eeprom -R .fuse -R .lock -R .signature -O ihex delay.elf  "delay.hex"
Finished building: delay.hex
 
Create eeprom image (ihex format)
avr-objcopy -j .eeprom --no-change-warnings --change-section-lma .eeprom=0 -O ihex delay.elf  "delay.eep"
Finished building: delay.eep
 
Invoking: Print Size
avr-size --format=avr --mcu=atmega32 delay.elf
AVR Memory Usage
----------------
Device: atmega32

Program:     294 bytes (0.9% Full)
(.text + .data + .bootloader)

Data:          0 bytes (0.0% Full)
(.data + .bss + .noinit)


Finished building: sizedummy
 

21:08:02 Build Finished (took 1s.585ms)

