13:33:33 **** Build of configuration Release for project iti_session_7_ADC ****
make all 
Building file: ../DIO/DIO_prog.c
Invoking: AVR Compiler
avr-gcc -Wall -Os -fpack-struct -fshort-enums -ffunction-sections -fdata-sections -std=gnu99 -funsigned-char -funsigned-bitfields -mmcu=atmega32 -DF_CPU=8000000UL -MMD -MP -MF"DIO/DIO_prog.d" -MT"DIO/DIO_prog.o" -c -o "DIO/DIO_prog.o" "../DIO/DIO_prog.c"
Finished building: ../DIO/DIO_prog.c
 
Building file: ../ADC/ADC_prog.c
Invoking: AVR Compiler
avr-gcc -Wall -Os -fpack-struct -fshort-enums -ffunction-sections -fdata-sections -std=gnu99 -funsigned-char -funsigned-bitfields -mmcu=atmega32 -DF_CPU=8000000UL -MMD -MP -MF"ADC/ADC_prog.d" -MT"ADC/ADC_prog.o" -c -o "ADC/ADC_prog.o" "../ADC/ADC_prog.c"
Finished building: ../ADC/ADC_prog.c
 
Building file: ../main.c
Invoking: AVR Compiler
avr-gcc -Wall -Os -fpack-struct -fshort-enums -ffunction-sections -fdata-sections -std=gnu99 -funsigned-char -funsigned-bitfields -mmcu=atmega32 -DF_CPU=8000000UL -MMD -MP -MF"main.d" -MT"main.o" -c -o "main.o" "../main.c"
Finished building: ../main.c
 
Building target: iti_session_7_ADC.elf
Invoking: AVR C Linker
avr-gcc -Wl,-Map,iti_session_7_ADC.map -mmcu=atmega32 -o "iti_session_7_ADC.elf"  ./DIO/DIO_prog.o  ./ADC/ADC_prog.o  ./main.o   
Finished building target: iti_session_7_ADC.elf
 
Invoking: AVR Create Extended Listing
avr-objdump -h -S iti_session_7_ADC.elf  >"iti_session_7_ADC.lss"
Finished building: iti_session_7_ADC.lss
 
Create Flash image (ihex format)
avr-objcopy -R .eeprom -R .fuse -R .lock -R .signature -O ihex iti_session_7_ADC.elf  "iti_session_7_ADC.hex"
Finished building: iti_session_7_ADC.hex
 
Create eeprom image (ihex format)
avr-objcopy -j .eeprom --no-change-warnings --change-section-lma .eeprom=0 -O ihex iti_session_7_ADC.elf  "iti_session_7_ADC.eep"
Finished building: iti_session_7_ADC.eep
 
Invoking: Print Size
avr-size --format=avr --mcu=atmega32 iti_session_7_ADC.elf
AVR Memory Usage
----------------
Device: atmega32

Program:    1200 bytes (3.7% Full)
(.text + .data + .bootloader)

Data:          2 bytes (0.1% Full)
(.data + .bss + .noinit)


Finished building: sizedummy
 
