02:22:49 **** Incremental Build of configuration Release for project iti_hello_avr ****
make all 
Building file: ../main.c
Invoking: AVR Compiler
avr-gcc -Wall -Os -fpack-struct -fshort-enums -ffunction-sections -fdata-sections -std=gnu99 -funsigned-char -funsigned-bitfields -mmcu=atmega32 -DF_CPU=8000000UL -MMD -MP -MF"main.d" -MT"main.o" -c -o "main.o" "../main.c"
Finished building: ../main.c
 
Building target: iti_hello_avr.elf
Invoking: AVR C Linker
avr-gcc -Wl,-Map,iti_hello_avr.map -mmcu=atmega32 -o "iti_hello_avr.elf"  ./main.o   
Finished building target: iti_hello_avr.elf
 
Invoking: AVR Create Extended Listing
avr-objdump -h -S iti_hello_avr.elf  >"iti_hello_avr.lss"
Finished building: iti_hello_avr.lss
 
Create Flash image (ihex format)
avr-objcopy -R .eeprom -R .fuse -R .lock -R .signature -O ihex iti_hello_avr.elf  "iti_hello_avr.hex"
Finished building: iti_hello_avr.hex
 
Invoking: Print Size
avr-size --format=avr --mcu=atmega32 iti_hello_avr.elf
AVR Memory Usage
----------------
Device: atmega32

Program:     172 bytes (0.5% Full)
(.text + .data + .bootloader)

Data:          0 bytes (0.0% Full)
(.data + .bss + .noinit)


Finished building: sizedummy
 

02:22:50 Build Finished (took 1s.91ms)

