20:47:50 **** Incremental Build of configuration Release for project iti_Task1_b ****
make all 
Building file: ../main.c
Invoking: AVR Compiler
avr-gcc -Wall -Os -fpack-struct -fshort-enums -ffunction-sections -fdata-sections -std=gnu99 -funsigned-char -funsigned-bitfields -mmcu=atmega32 -DF_CPU=8000000UL -MMD -MP -MF"main.d" -MT"main.o" -c -o "main.o" "../main.c"
Finished building: ../main.c
 
Building target: iti_Task1_b.elf
Invoking: AVR C Linker
avr-gcc -Wl,-Map,iti_Task1_b.map -mmcu=atmega32 -o "iti_Task1_b.elf"  ./DIO/DIO_prog.o  ./main.o   
Finished building target: iti_Task1_b.elf
 
Invoking: AVR Create Extended Listing
avr-objdump -h -S iti_Task1_b.elf  >"iti_Task1_b.lss"
Finished building: iti_Task1_b.lss
 
Create Flash image (ihex format)
avr-objcopy -R .eeprom -R .fuse -R .lock -R .signature -O ihex iti_Task1_b.elf  "iti_Task1_b.hex"
Finished building: iti_Task1_b.hex
 
Create eeprom image (ihex format)
avr-objcopy -j .eeprom --no-change-warnings --change-section-lma .eeprom=0 -O ihex iti_Task1_b.elf  "iti_Task1_b.eep"
Finished building: iti_Task1_b.eep
 
Invoking: Print Size
avr-size --format=avr --mcu=atmega32 iti_Task1_b.elf
AVR Memory Usage
----------------
Device: atmega32

Program:    1176 bytes (3.6% Full)
(.text + .data + .bootloader)

Data:          8 bytes (0.4% Full)
(.data + .bss + .noinit)


Finished building: sizedummy
 

20:47:51 Build Finished (took 1s.277ms)

