10:51:53 **** Incremental Build of configuration Release for project iti_session_3_4_LCD ****
make all 
Building file: ../main.c
Invoking: AVR Compiler
avr-gcc -Wall -Os -fpack-struct -fshort-enums -ffunction-sections -fdata-sections -std=gnu99 -funsigned-char -funsigned-bitfields -mmcu=atmega32 -DF_CPU=8000000UL -MMD -MP -MF"main.d" -MT"main.o" -c -o "main.o" "../main.c"
Finished building: ../main.c
 
Building target: iti_session_3_4_LCD.elf
Invoking: AVR C Linker
avr-gcc -Wl,-Map,iti_session_3_4_LCD.map -mmcu=atmega32 -o "iti_session_3_4_LCD.elf"  ./LCD/LCD_prog.o  ./DIO/DIO_prog.o  ./main.o   
Finished building target: iti_session_3_4_LCD.elf
 
Invoking: AVR Create Extended Listing
avr-objdump -h -S iti_session_3_4_LCD.elf  >"iti_session_3_4_LCD.lss"
Finished building: iti_session_3_4_LCD.lss
 
Create Flash image (ihex format)
avr-objcopy -R .eeprom -R .fuse -R .lock -R .signature -O ihex iti_session_3_4_LCD.elf  "iti_session_3_4_LCD.hex"
Finished building: iti_session_3_4_LCD.hex
 
Create eeprom image (ihex format)
avr-objcopy -j .eeprom --no-change-warnings --change-section-lma .eeprom=0 -O ihex iti_session_3_4_LCD.elf  "iti_session_3_4_LCD.eep"
Finished building: iti_session_3_4_LCD.eep
 
Invoking: Print Size
avr-size --format=avr --mcu=atmega32 iti_session_3_4_LCD.elf
AVR Memory Usage
----------------
Device: atmega32

Program:    6274 bytes (19.1% Full)
(.text + .data + .bootloader)

Data:        312 bytes (15.2% Full)
(.data + .bss + .noinit)


Finished building: sizedummy
 

10:51:55 Build Finished (took 1s.442ms)

