16:22:05 **** Incremental Build of configuration Release for project session_2_DIO2 ****
make all 
Building file: ../main.c
Invoking: AVR Compiler
avr-gcc -Wall -Os -fpack-struct -fshort-enums -ffunction-sections -fdata-sections -std=gnu99 -funsigned-char -funsigned-bitfields -mmcu=atmega32 -DF_CPU=8000000UL -MMD -MP -MF"main.d" -MT"main.o" -c -o "main.o" "../main.c"
Finished building: ../main.c
 
Building target: session_2_DIO2.elf
Invoking: AVR C Linker
avr-gcc -Wl,-Map,session_2_DIO2.map -mmcu=atmega32 -o "session_2_DIO2.elf"  ./_7SEGMENT/_7Seg.o  ./DIO/DIO_prog.o  ./main.o   
Finished building target: session_2_DIO2.elf
 
Invoking: AVR Create Extended Listing
avr-objdump -h -S session_2_DIO2.elf  >"session_2_DIO2.lss"
Finished building: session_2_DIO2.lss
 
Create Flash image (ihex format)
avr-objcopy -R .eeprom -R .fuse -R .lock -R .signature -O ihex session_2_DIO2.elf  "session_2_DIO2.hex"
Finished building: session_2_DIO2.hex
 
Create eeprom image (ihex format)
avr-objcopy -j .eeprom --no-change-warnings --change-section-lma .eeprom=0 -O ihex session_2_DIO2.elf  "session_2_DIO2.eep"
Finished building: session_2_DIO2.eep
 
Invoking: Print Size
avr-size --format=avr --mcu=atmega32 session_2_DIO2.elf
AVR Memory Usage
----------------
Device: atmega32

Program:    1866 bytes (5.7% Full)
(.text + .data + .bootloader)

Data:         48 bytes (2.3% Full)
(.data + .bss + .noinit)


Finished building: sizedummy
 

16:22:06 Build Finished (took 1s.286ms)

